<?xml version="1.0" encoding="UTF-8"?>
<testng-results ignored="0" total="1" passed="1" failed="0" skipped="0">
  <reporter-output>
  </reporter-output>
  <suite started-at="2022-08-22T00:52:46 AST" name="Default suite" finished-at="2022-08-22T00:52:58 AST" duration-ms="12836">
    <groups>
    </groups>
    <test started-at="2022-08-22T00:52:46 AST" name="Default test" finished-at="2022-08-22T00:52:58 AST" duration-ms="12836">
      <class name="Appium.Appium.Test.AppiumAss3W11D2">
        <test-method signature="firstTest()[pri:0, instance:Appium.Appium.Test.AppiumAss3W11D2@6379eb]" started-at="2022-08-22T00:52:46 AST" name="firstTest" finished-at="2022-08-22T00:52:58 AST" duration-ms="12779" status="PASS">
          <reporter-output>
          </reporter-output>
        </test-method> <!-- firstTest -->
      </class> <!-- Appium.Appium.Test.AppiumAss3W11D2 -->
    </test> <!-- Default test -->
  </suite> <!-- Default suite -->
</testng-results>
